<?xml version="1.0" encoding="UTF-8"?>
<!-- Generated by org.testng.reporters.JUnitXMLReporter -->
<testsuite ignored="0" hostname="Somashekars-iMac.local" failures="0" tests="3" name="Default test" time="21.088" errors="0" timestamp="2023-12-24T10:22:00 IST">
  <testcase classname="com.nucot.qa.hrm.pagetests.LoginPageTest" name="loginPageCurrentUrl" time="0.028"/>
  <testcase classname="com.nucot.qa.hrm.pagetests.LoginPageTest" name="loginPageTitle" time="0.008"/>
  <testcase classname="com.nucot.qa.hrm.pagetests.LoginPageTest" name="doLoginPageTest" time="10.495"/>
</testsuite> <!-- Default test -->
