<?xml version="1.0" encoding="UTF-8"?>
<!-- Generated by org.testng.reporters.JUnitXMLReporter -->
<testsuite ignored="0" hostname="Somashekars-iMac.local" failures="0" tests="3" name="HRM Application Nucot" time="46.491" errors="0" timestamp="2023-12-24T10:29:26 IST">
  <testcase classname="com.nucot.qa.hrm.pagetests.HomePageTest" name="homePageUrlTest" time="2.103"/>
  <testcase classname="com.nucot.qa.hrm.pagetests.HomePageTest" name="homePageTitleTest" time="0.008"/>
  <testcase classname="com.nucot.qa.hrm.pagetests.HomePageTest" name="systemUserDetailsTest" time="22.463"/>
</testsuite> <!-- HRM Application Nucot -->
