<?xml version="1.0" encoding="UTF-8"?>
<testng-results ignored="0" total="3" passed="3" failed="0" skipped="0">
  <reporter-output>
  </reporter-output>
  <suite started-at="2023-12-23T19:27:27 IST" name="Default suite" finished-at="2023-12-23T19:27:37 IST" duration-ms="9488">
    <groups>
    </groups>
    <test started-at="2023-12-23T19:27:27 IST" name="Default test" finished-at="2023-12-23T19:27:37 IST" duration-ms="9488">
      <class name="com.nucot.qa.hrm.pagetests.LoginPageTest">
        <test-method is-config="true" signature="setUp()[pri:0, instance:com.nucot.qa.hrm.pagetests.LoginPageTest@156b88f5]" started-at="2023-12-23T19:27:27 IST" name="setUp" finished-at="2023-12-23T19:27:34 IST" duration-ms="7152" status="PASS">
          <reporter-output>
          </reporter-output>
        </test-method> <!-- setUp -->
        <test-method signature="loginPageCurrentUrl()[pri:1, instance:com.nucot.qa.hrm.pagetests.LoginPageTest@156b88f5]" started-at="2023-12-23T19:27:34 IST" name="loginPageCurrentUrl" finished-at="2023-12-23T19:27:34 IST" duration-ms="15" status="PASS">
          <reporter-output>
          </reporter-output>
        </test-method> <!-- loginPageCurrentUrl -->
        <test-method signature="loginPageTitle()[pri:2, instance:com.nucot.qa.hrm.pagetests.LoginPageTest@156b88f5]" started-at="2023-12-23T19:27:34 IST" name="loginPageTitle" finished-at="2023-12-23T19:27:34 IST" duration-ms="19" status="PASS">
          <reporter-output>
          </reporter-output>
        </test-method> <!-- loginPageTitle -->
        <test-method signature="doLoginPageTest()[pri:3, instance:com.nucot.qa.hrm.pagetests.LoginPageTest@156b88f5]" started-at="2023-12-23T19:27:34 IST" name="doLoginPageTest" finished-at="2023-12-23T19:27:36 IST" duration-ms="1610" status="PASS">
          <reporter-output>
          </reporter-output>
        </test-method> <!-- doLoginPageTest -->
        <test-method is-config="true" signature="appClose()[pri:0, instance:com.nucot.qa.hrm.pagetests.LoginPageTest@156b88f5]" started-at="2023-12-23T19:27:36 IST" name="appClose" finished-at="2023-12-23T19:27:37 IST" duration-ms="646" status="PASS">
          <reporter-output>
          </reporter-output>
        </test-method> <!-- appClose -->
      </class> <!-- com.nucot.qa.hrm.pagetests.LoginPageTest -->
    </test> <!-- Default test -->
  </suite> <!-- Default suite -->
</testng-results>
